make all --print-data-base --no-builtin-variables --no-builtin-rules --question
# GNU Make 3.81
# Copyright (C) 2006  Free Software Foundation, Inc.
# This is free software; see the source for copying conditions.
# There is NO warranty; not even for MERCHANTABILITY or FITNESS FOR A
# PARTICULAR PURPOSE.

# This program built for i386-apple-darwin11.3.0
 

# Make data base, printed on Thu Jun  9 11:58:00 2022

# Variables

# automatic
<D = $(patsubst %/,%,$(dir $<))
# environment
RUBY_VERSION = ruby-3.0.3
# automatic
?F = $(notdir $?)
# environment
ELECTRON_NO_ATTACH_CONSOLE = 1
# makefile (from `Makefile', line 7)
BINARY_NAME = mysocketctl
# environment
VSCODE_LOG_NATIVE = false
# automatic
?D = $(patsubst %/,%,$(dir $?))
# environment
rvm_path = /Users/lucas/.rvm
# automatic
@D = $(patsubst %/,%,$(dir $@))
# automatic
@F = $(notdir $@)
# makefile
CURDIR := /Users/lucas/projects/mysocketctl-go
# makefile
SHELL = /bin/sh
# environment
VSCODE_NLS_CONFIG = {"locale":"en-us","availableLanguages":{},"_languagePackSupport":true}
# environment
_ = /usr/bin/make
# environment
VSCODE_PID = 93145
# makefile (from `Makefile', line 2)
GOBUILD = $(GOCMD) build
# makefile (from `Makefile', line 1)
MAKEFILE_LIST :=  Makefile
# environment
VSCODE_AMD_ENTRYPOINT = vs/workbench/api/node/extensionHostProcess
# environment
rvm_ruby_mode = 
# environment
rvm_ruby_make = 
# makefile (from `Makefile', line 11)
VERSION := v1.0-142-g21d0117
# environment
VSCODE_VERBOSE_LOGGING = true
# environment
__CFBundleIdentifier = com.microsoft.VSCode
# environment
INFOPATH = /opt/homebrew/share/info:
# environment
rvm_proxy = 
# makefile (from `Makefile', line 4)
GOCLEAN = $(GOCMD) clean
# environment
VSCODE_IPC_HOOK_EXTHOST = /var/folders/8p/q5tjnvhd0bl3y64dd6d1wpg00000gn/T/vscode-ipc-a734ab98-c22f-4afb-9f94-dc54ebbb83f0.sock
# environment
VSCODE_CWD = /Users/lucas/projects/mysocketctl-go
# environment
GOPROXY = https://proxy.golang.org,direct
# makefile (from `Makefile', line 8)
BUCKET = pub-mysocketctl-bin
# environment
rvm_pretty_print_flag = 
# environment
PATH = /Users/lucas/.rvm/gems/ruby-3.0.3/bin:/Users/lucas/.rvm/gems/ruby-3.0.3@global/bin:/Users/lucas/.rvm/rubies/ruby-3.0.3/bin:/opt/homebrew/bin:/opt/homebrew/sbin:/usr/local/bin:/usr/bin:/bin:/usr/sbin:/sbin:/Applications/VMware Fusion Tech Preview.app/Contents/Public:/usr/local/go/bin:/Users/lucas/.cargo/bin:/Users/lucas/.rvm/bin:/Users/lucas/go/bin/
# makefile (from `Makefile', line 6)
GOGET = $(GOCMD) get
# environment
LSCOLORS = Gxfxcxdxbxegedabagacad
# environment
rvm_niceness = 
# environment
GOPATH = /Users/lucas/go
# environment
rvm_only_path_flag = 
# environment
LaunchInstanceID = 192199BD-984D-4286-9F95-DBAC2EB3F9F6
# environment
rvm_gemstone_package_file = 
# environment
VSCODE_LOG_STACK = false
# environment
ELECTRON_RUN_AS_NODE = 1
# environment
rvm_alias_expanded = 
# default
.FEATURES := target-specific order-only second-expansion else-if archives jobserver check-symlink
# environment
SSH_AUTH_SOCK = /var/folders/8p/q5tjnvhd0bl3y64dd6d1wpg00000gn/T//ssh-phR9VSqUR0U8/agent.43472
# automatic
%F = $(notdir $%)
# environment
VSCODE_PIPE_LOGGING = true
# environment
rvm_bin_path = /Users/lucas/.rvm/bin
# environment
PWD = /Users/lucas/projects/mysocketctl-go
# environment
HOMEBREW_CELLAR = /opt/homebrew/Cellar
# environment
GEM_HOME = /Users/lucas/.rvm/gems/ruby-3.0.3
# environment
SSH_AGENT_PID = 43473
# environment
rvm_docs_type = 
# environment
ORIGINAL_XDG_CURRENT_DESKTOP = undefined
# environment
MANPATH = /opt/homebrew/share/man::
# environment
GOMODCACHE = /Users/lucas/go/pkg/mod
# environment
HOME = /Users/lucas
# default
MAKEFILEPATH = $(shell /usr/bin/xcode-select -print-path 2>/dev/null || echo /Developer)/Makefiles
# environment
VSCODE_CLI = 1
# environment
VSCODE_CODE_CACHE_PATH = /Users/lucas/Library/Application Support/Code/CachedData/c3511e6c69bb39013c4a4b7b9566ec1ca73fc4d5
# environment
LOGNAME = lucas
# environment
APPLICATION_INSIGHTS_NO_DIAGNOSTIC_CHANNEL = 1
# makefile (from `Makefile', line 3)
GOFMT = $(GOCMD)fmt
# environment
ZSH = /Users/lucas/.oh-my-zsh
# environment
VSCODE_HANDLES_UNCAUGHT_ERRORS = true
# automatic
^D = $(patsubst %/,%,$(dir $^))
# environment
rvm_ruby_bits = 
# environment
GEM_PATH = /Users/lucas/.rvm/gems/ruby-3.0.3:/Users/lucas/.rvm/gems/ruby-3.0.3@global
# environment
XPC_FLAGS = 0x0
# environment
COLORTERM = truecolor
# environment
rvm_ruby_make_install = 
# default
MAKE = $(MAKE_COMMAND)
# environment
LC_TERMINAL = iTerm2
# environment
IRBRC = /Users/lucas/.rvm/rubies/ruby-3.0.3/.irbrc
# environment
SHLVL = 3
# environment
rvm_quiet_flag = 
# default
MAKE_VERSION := 3.81
# environment
USER = lucas
# makefile
.DEFAULT_GOAL := all
# default
MAKECMDGOALS := all
# environment
TERM_SESSION_ID = w0t1p0:0D2C164F-0C5A-4C98-9005-2E9C3264AD96
# environment
rvm_version = 1.29.12 (latest)
# environment
LESS = -R
# automatic
%D = $(patsubst %/,%,$(dir $%))
# default
MAKE_COMMAND := /Library/Developer/CommandLineTools/usr/bin/make
# environment
TERM_PROGRAM = iTerm.app
# default
.VARIABLES := 
# environment
TMPDIR = /var/folders/8p/q5tjnvhd0bl3y64dd6d1wpg00000gn/T/
# automatic
*F = $(notdir $*)
# environment
VSCODE_IPC_HOOK = /Users/lucas/Library/Application Support/Code/1.67.2-main.sock
# makefile
MAKEFLAGS = Rrqp
# environment
MFLAGS = -Rrqp
# automatic
*D = $(patsubst %/,%,$(dir $*))
# environment
TERM_PROGRAM_VERSION = 3.4.15
# environment
rvm_script_name = 
# environment
XPC_SERVICE_NAME = application.com.microsoft.VSCode.18814466.18814472.DDC95517-1211-4C8C-B0D4-952697C3ACD6
# environment
LC_TERMINAL_VERSION = 3.4.15
# environment
HOMEBREW_PREFIX = /opt/homebrew
# automatic
+D = $(patsubst %/,%,$(dir $+))
# automatic
+F = $(notdir $+)
# environment
ITERM_SESSION_ID = w0t1p0:0D2C164F-0C5A-4C98-9005-2E9C3264AD96
# environment
rvm_sdk = 
# environment
HOMEBREW_REPOSITORY = /opt/homebrew
# makefile (from `Makefile', line 5)
GOTEST = $(GOCMD) test
# environment
COLORFGBG = 15;0
# environment
__CF_USER_TEXT_ENCODING = 0x1F5:0x0:0x52
# environment
COMMAND_MODE = unix2003
# default
MAKEFILES := 
# automatic
<F = $(notdir $<)
# environment
ITERM_PROFILE = Default
# environment
rvm_silent_flag = 
# environment
rvm_gemstone_url = 
# makefile (from `Makefile', line 10)
DATE := 20220608
# environment
PAGER = less
# environment
LC_ALL = C
# environment
rvm_bin_flag = 
# environment
SECURITYSESSIONID = 186b3
# makefile (from `Makefile', line 1)
GOCMD = go
# automatic
^F = $(notdir $^)
# environment
rvm_prefix = /Users/lucas
# default
SUFFIXES := 
# makefile (from `Makefile', line 12)
FLAGS := -ldflags "-X github.com/mysocketio/mysocketctl-go/cmd.version=v1.0-142-g21d0117 -X github.com/mysocketio/mysocketctl-go/cmd.date=20220608"
# environment
rvm_ruby_file = 
# default
.INCLUDE_DIRS = /usr/local/include
# environment
MAKELEVEL := 0
# environment
LANG = C
# environment
TERM = xterm-256color
# environment
rvm_use_flag = 
# environment
rvm_hook = 
# environment
MY_RUBY_HOME = /Users/lucas/.rvm/rubies/ruby-3.0.3
# environment
rvm_nightly_flag = 
# variable set hash-table stats:
# Load=130/1024=13%, Rehash=0, Collisions=12/164=7%

# Pattern-specific Variable Values

# No pattern-specific variable values.

# Directories

# . (device 16777232, inode 2314943): 16 files, no impossibilities.

# 16 files, no impossibilities in 1 directories.

# Implicit Rules

# No implicit rules.

# Files

moddownload:
#  Implicit rule search has not been done.
#  Modification time never checked.
#  File has not been updated.
#  commands to execute (from `Makefile', line 56):
	go mod tidy
	go mod download
	

build-linux:
#  Implicit rule search has not been done.
#  Modification time never checked.
#  File has not been updated.
#  commands to execute (from `Makefile', line 63):
	CGO_ENABLED=0 GOOS=linux GOARCH=amd64 $(GOBUILD) $(FLAGS) -o $(BINARY_NAME) -v
	

all: lint moddownload test build
#  Command-line target.
#  Implicit rule search has been done.
#  File does not exist.
#  File has been updated.
#  Needs to be updated (-q is set).
# variable set hash-table stats:
# Load=0/32=0%, Rehash=0, Collisions=0/4=0%

# Not a target:
.SUFFIXES:
#  Implicit rule search has not been done.
#  Modification time never checked.
#  File has not been updated.

# Not a target:
Makefile:
#  Implicit rule search has been done.
#  Last modified 2022-06-09 11:57:44
#  File has been updated.
#  Successfully updated.
# variable set hash-table stats:
# Load=0/32=0%, Rehash=0, Collisions=0/0=0%

test:
#  Implicit rule search has not been done.
 
#  Modification time never checked.
#  File has not been updated.
#  commands to execute (from `Makefile', line 78):
	$(GOTEST) -v ./...
	

build:
#  Implicit rule search has not been done.
#  Modification time never checked.
#  File has not been updated.
#  commands to execute (from `Makefile', line 60):
	$(GOBUILD) $(FLAGS) -o $(BINARY_NAME) -v
	

build-all:
#  Implicit rule search has not been done.
#  Modification time never checked.
#  File has not been updated.
#  commands to execute (from `Makefile', line 66):
	CGO_ENABLED=0 GOOS=windows GOARCH=amd64 go build $(FLAGS) -o $(BINARY_NAME)_windows_amd64
	CGO_ENABLED=0 GOOS=linux GOARCH=amd64 go build $(FLAGS) -o $(BINARY_NAME)_linux_amd64
	CGO_ENABLED=0 GOOS=linux GOARCH=arm64 go build $(FLAGS) -o $(BINARY_NAME)_linux_arm64
	CGO_ENABLED=0 GOOS=linux GOARCH=arm go build $(FLAGS) -o $(BINARY_NAME)_linux_arm
	CGO_ENABLED=0 GOOS=darwin GOARCH=amd64 go build $(FLAGS)  -o $(BINARY_NAME)_darwin_amd64
	CGO_ENABLED=0 GOOS=darwin GOARCH=arm64 go build $(FLAGS)  -o $(BINARY_NAME)_darwin_arm64
	

release:
#  Implicit rule search has not been done.
#  Modification time never checked.
#  File has not been updated.
#  commands to execute (from `Makefile', line 17):
	CGO_ENABLED=0 GOOS=windows GOARCH=amd64 go build $(FLAGS) -o ./bin/$(BINARY_NAME)_windows_amd64
	CGO_ENABLED=0 GOOS=linux GOARCH=amd64 go build $(FLAGS) -o ./bin/$(BINARY_NAME)_linux_amd64
	CGO_ENABLED=0 GOOS=linux GOARCH=arm64 go build $(FLAGS) -o ./bin/$(BINARY_NAME)_linux_arm64
	CGO_ENABLED=0 GOOS=linux GOARCH=arm go build $(FLAGS) -o ./bin/$(BINARY_NAME)_linux_arm
	CGO_ENABLED=0 GOOS=darwin GOARCH=amd64 go build $(FLAGS)  -o ./bin/$(BINARY_NAME)_darwin_amd64
	CGO_ENABLED=0 GOOS=darwin GOARCH=arm64 go build $(FLAGS)  -o ./bin/$(BINARY_NAME)_darwin_arm64
	shasum -a 256 ./bin/mysocketctl_darwin_amd64 | awk '{print $$1}' > ./bin/mysocketctl_darwin_amd64-sha256-checksum.txt
	python3 ./s3upload.py ./bin/mysocketctl_darwin_amd64-sha256-checksum.txt ${BUCKET} darwin_amd64/sha256-checksum.txt
	python3 ./s3upload.py ./bin/mysocketctl_darwin_amd64 ${BUCKET} darwin_amd64/mysocketctl
	shasum -a 256 ./bin/mysocketctl_darwin_arm64 | awk '{print $$1}' > ./bin/mysocketctl_darwin_arm64-sha256-checksum.txt
	python3 ./s3upload.py ./bin/mysocketctl_darwin_arm64-sha256-checksum.txt ${BUCKET} darwin_arm64/sha256-checksum.txt
	python3 ./s3upload.py ./bin/mysocketctl_darwin_arm64 ${BUCKET} darwin_arm64/mysocketctl
	shasum -a 256 ./bin/mysocketctl_linux_amd64 | awk '{print $$1}' > ./bin/mysocketctl_linux_amd64-sha256-checksum.txt
	python3 ./s3upload.py ./bin/mysocketctl_linux_amd64-sha256-checksum.txt ${BUCKET} linux_amd64/sha256-checksum.txt
	python3 ./s3upload.py ./bin/mysocketctl_linux_amd64 ${BUCKET} linux_amd64/mysocketctl
	#This is for Raspberrypi
	shasum -a 256 ./bin/mysocketctl_linux_arm64 | awk '{print $$1}' > ./bin/mysocketctl_linux_arm64-sha256-checksum.txt
	python3 ./s3upload.py ./bin/mysocketctl_linux_arm64-sha256-checksum.txt ${BUCKET} linux_arm64/sha256-checksum.txt
	python3 ./s3upload.py ./bin/mysocketctl_linux_arm64 ${BUCKET} linux_arm64/mysocketctl
	#This is for Raspberrypi 32bit
	shasum -a 256 ./bin/mysocketctl_linux_arm | awk '{print $$1}' > ./bin/mysocketctl_linux_arm-sha256-checksum.txt
	python3 ./s3upload.py ./bin/mysocketctl_linux_arm-sha256-checksum.txt ${BUCKET} linux_arm/sha256-checksum.txt
	python3 ./s3upload.py ./bin/mysocketctl_linux_arm ${BUCKET} linux_arm/mysocketctl
	shasum -a 256 ./bin/mysocketctl_windows_amd64 | awk '{print $$1}' > ./bin/mysocketctl_windows_amd64-sha256-checksum.txt
	python3 ./s3upload.py ./bin/mysocketctl_windows_amd64-sha256-checksum.txt ${BUCKET} windows_amd64/sha256-checksum.txt
	python3 ./s3upload.py ./bin/mysocketctl_windows_amd64 ${BUCKET} windows_amd64/mysocketctl.exe
	echo ${VERSION} > latest_version.txt
	python3 ./s3upload.py latest_version.txt ${BUCKET} latest_version.txt
	rm latest_version.txt
	

# Not a target:
.DEFAULT:
#  Implicit rule search has not been done.
#  Modification time never checked.
#  File has not been updated.

run:
#  Implicit rule search has not been done.
#  Modification time never checked.
#  File has not been updated.
#  commands to execute (from `Makefile', line 86):
	$(GOBUILD) $(FLAGS) -o $(BINARY_NAME) -v ./...
	./$(BINARY_NAME)
	

clean:
#  Implicit rule search has not been done.
#  Modification time never checked.
#  File has not been updated.
#  commands to execute (from `Makefile', line 81):
	$(GOCLEAN)
	rm -f $(BINARY_NAME)
	rm -f $(BINARY_UNIX)
	

lint:
#  Implicit rule search has not been done.
#  Implicit/static pattern stem: `'
#  File does not exist.
#  File has been updated.
#  Needs to be updated (-q is set).
# automatic
# @ := lint
# automatic
# % := 
# automatic
# * := 
# automatic
# + := 
# automatic
# | := 
# automatic
# < := 
# automatic
# ^ := 
# automatic
# ? := 
# variable set hash-table stats:
# Load=8/32=25%, Rehash=0, Collisions=1/12=8%
#  commands to execute (from `Makefile', line 74):
	@echo "running go fmt"
	$(GOFMT) -w .
	

# files hash-table stats:
# Load=13/1024=1%, Rehash=0, Collisions=0/31=0%
# VPATH Search Paths

# No `vpath' search paths.

# No general (`VPATH' variable) search path.

# # of strings in strcache: 1
# # of strcache buffers: 1
# strcache size: total = 4096 / max = 4096 / min = 4096 / avg = 4096
# strcache free: total = 4087 / max = 4087 / min = 4087 / avg = 4087

# Finished Make data base on Thu Jun  9 11:58:00 2022

 
